<?xml version="1.0" encoding="UTF-8"?>
<!-- Generated by org.testng.reporters.JUnitXMLReporter -->
<testsuite hostname="Sahana" ignored="1" name="Default test" tests="2" failures="0" timestamp="2020-10-06T15:03:29 SGT" time="788.895" errors="0">
  <testcase name="titletest" time="0.94" classname="webuildsg.ReposPerPLTest"/>
  <testcase name="languagetest" time="781.188" classname="webuildsg.ReposPerPLTest"/>
  <testcase name="socialmedia" time="0.0" classname="webuildsg.ReposPerPLTest">
    <ignored/>
  </testcase> <!-- socialmedia -->
</testsuite> <!-- Default test -->
