<?xml version="1.0" encoding="UTF-8"?>
<!-- Generated by org.testng.reporters.JUnitXMLReporter -->
<testsuite hostname="Sahana" ignored="0" name="Default test" tests="3" failures="0" timestamp="2020-10-07T21:21:08 SGT" time="1429.382" errors="0">
  <testcase name="titletest" time="0.951" classname="webuildsg.ReposPerPLTest"/>
  <testcase name="languagetest" time="1381.546" classname="webuildsg.ReposPerPLTest"/>
  <testcase name="socialmedia" time="38.633" classname="webuildsg.ReposPerPLTest"/>
</testsuite> <!-- Default test -->
