<?xml version="1.0" encoding="UTF-8"?>
<!-- Generated by org.testng.reporters.JUnitXMLReporter -->
<testsuite hostname="Sahana" ignored="0" name="Test Main Page" tests="15" failures="0" timestamp="2020-10-07T21:36:53 SGT" time="62.377" errors="0">
  <testcase name="validateheaderfields" time="5.164" classname="webuildsg.MainPageTest"/>
  <testcase name="titletest" time="0.177" classname="webuildsg.MainPageTest"/>
  <testcase name="searchdata" time="0.558" classname="webuildsg.MainPageTest"/>
  <testcase name="repostests" time="0.999" classname="webuildsg.MainPageTest"/>
  <testcase name="eventstests" time="0.845" classname="webuildsg.MainPageTest"/>
  <testcase name="actvitiesproglnk" time="0.999" classname="webuildsg.MainPageTest"/>
  <testcase name="activeusergroups" time="0.864" classname="webuildsg.MainPageTest"/>
  <testcase name="activerepositories" time="0.815" classname="webuildsg.MainPageTest"/>
  <testcase name="reposperprogLang" time="1.013" classname="webuildsg.MainPageTest"/>
  <testcase name="eventsdayofweek" time="0.812" classname="webuildsg.MainPageTest"/>
  <testcase name="eventsperweekofMon" time="0.8" classname="webuildsg.MainPageTest"/>
  <testcase name="eventtimeofDay" time="0.819" classname="webuildsg.MainPageTest"/>
  <testcase name="eventlocations" time="3.708" classname="webuildsg.MainPageTest"/>
  <testcase name="staticnum" time="1.14" classname="webuildsg.MainPageTest"/>
  <testcase name="socmediaicons" time="36.488" classname="webuildsg.MainPageTest"/>
</testsuite> <!-- Test Main Page -->
