<?xml version="1.0" encoding="UTF-8"?>
<!-- Generated by org.testng.reporters.JUnitXMLReporter -->
<testsuite hostname="Sahana" ignored="0" name="Test Active Users Group Page" tests="3" failures="0" timestamp="2020-10-07T22:01:00 SGT" time="11.015" errors="0">
  <testcase name="titletest" time="0.939" classname="webuildsg.ActiveUserGrpTest"/>
  <testcase name="headertest" time="1.437" classname="webuildsg.ActiveUserGrpTest"/>
  <testcase name="usergrouptest" time="3.623" classname="webuildsg.ActiveUserGrpTest"/>
</testsuite> <!-- Test Active Users Group Page -->
