<?xml version="1.0" encoding="UTF-8"?>
<!-- Generated by org.testng.reporters.JUnitXMLReporter -->
<testsuite hostname="Sahana" ignored="0" name="Test Repos Per Language Page" tests="3" failures="0" timestamp="2020-10-07T22:00:49 SGT" time="1435.973" errors="0">
  <testcase name="titletest" time="0.489" classname="webuildsg.ReposPerPLTest"/>
  <testcase name="languagetest" time="1386.668" classname="webuildsg.ReposPerPLTest"/>
  <testcase name="socialmedia" time="44.069" classname="webuildsg.ReposPerPLTest"/>
</testsuite> <!-- Test Repos Per Language Page -->
