<?xml version="1.0" encoding="UTF-8"?>
<!-- Generated by org.testng.reporters.JUnitXMLReporter -->
<testsuite hostname="Sahana" ignored="0" name="Test" tests="14" failures="1" timestamp="2020-10-05T07:39:18 SGT" time="33.549" errors="0">
  <testcase name="titletest" time="0.297" classname="webuildsg.MainPageTest"/>
  <testcase name="searchdata" time="0.696" classname="webuildsg.MainPageTest"/>
  <testcase name="repostests" time="1.063" classname="webuildsg.MainPageTest"/>
  <testcase name="eventstests" time="0.918" classname="webuildsg.MainPageTest"/>
  <testcase name="actvitiesproglnk" time="1.076" classname="webuildsg.MainPageTest"/>
  <testcase name="activeusergroups" time="1.021" classname="webuildsg.MainPageTest"/>
  <testcase name="activerepositories" time="0.835" classname="webuildsg.MainPageTest"/>
  <testcase name="reposperprogLang" time="1.015" classname="webuildsg.MainPageTest"/>
  <testcase name="eventsdayofweek" time="1.627" classname="webuildsg.MainPageTest"/>
  <testcase name="eventsperweekofMon" time="0.975" classname="webuildsg.MainPageTest"/>
  <testcase name="eventtimeofDay" time="0.931" classname="webuildsg.MainPageTest"/>
  <testcase name="eventlocations" time="4.017" classname="webuildsg.MainPageTest"/>
  <testcase name="staticnum" time="3.936" classname="webuildsg.MainPageTest"/>
  <testcase name="socmediaicons" time="1.835" classname="webuildsg.MainPageTest">
    <failure type="java.lang.AssertionError">
      <![CDATA[java.lang.AssertionError: 
at org.junit.Assert.fail(Assert.java:91)
at org.junit.Assert.assertTrue(Assert.java:43)
at org.junit.Assert.assertTrue(Assert.java:54)
at webuildsg.Pages.MainPage.socialmedialinks(MainPage.java:251)
at webuildsg.MainPageTest.socmediaicons(MainPageTest.java:91)
at java.util.ArrayList.forEach(Unknown Source)
... Removed 27 stack frames]]>
    </failure>
  </testcase> <!-- socmediaicons -->
</testsuite> <!-- Test -->
