<?xml version="1.0" encoding="UTF-8"?>
<!-- Generated by org.testng.reporters.JUnitXMLReporter -->
<testsuite hostname="Sahana" ignored="0" name="Test" tests="14" failures="0" timestamp="2020-10-05T10:41:54 SGT" time="63.194" errors="0">
  <testcase name="titletest" time="0.19" classname="webuildsg.MainPageTest"/>
  <testcase name="searchdata" time="0.606" classname="webuildsg.MainPageTest"/>
  <testcase name="repostests" time="1.197" classname="webuildsg.MainPageTest"/>
  <testcase name="eventstests" time="1.067" classname="webuildsg.MainPageTest"/>
  <testcase name="actvitiesproglnk" time="1.198" classname="webuildsg.MainPageTest"/>
  <testcase name="activeusergroups" time="0.859" classname="webuildsg.MainPageTest"/>
  <testcase name="activerepositories" time="0.849" classname="webuildsg.MainPageTest"/>
  <testcase name="reposperprogLang" time="1.021" classname="webuildsg.MainPageTest"/>
  <testcase name="eventsdayofweek" time="0.8" classname="webuildsg.MainPageTest"/>
  <testcase name="eventsperweekofMon" time="0.768" classname="webuildsg.MainPageTest"/>
  <testcase name="eventtimeofDay" time="0.798" classname="webuildsg.MainPageTest"/>
  <testcase name="eventlocations" time="3.747" classname="webuildsg.MainPageTest"/>
  <testcase name="staticnum" time="1.335" classname="webuildsg.MainPageTest"/>
  <testcase name="socmediaicons" time="41.719" classname="webuildsg.MainPageTest"/>
</testsuite> <!-- Test -->
