<?xml version="1.0" encoding="UTF-8"?>
<testng-results skipped="0" failed="0" ignored="1" total="3" passed="2">
  <reporter-output>
  </reporter-output>
  <suite name="Default suite" duration-ms="788895" started-at="2020-10-06T14:50:20 SGT" finished-at="2020-10-06T15:03:29 SGT">
    <groups>
    </groups>
    <test name="Default test" duration-ms="788895" started-at="2020-10-06T14:50:20 SGT" finished-at="2020-10-06T15:03:29 SGT">
      <class name="webuildsg.ReposPerPLTest">
        <test-method status="PASS" signature="beforeclass()[pri:0, instance:webuildsg.ReposPerPLTest@43738a82]" name="beforeclass" is-config="true" duration-ms="6710" started-at="2020-10-06T14:50:21 SGT" finished-at="2020-10-06T14:50:27 SGT">
          <reporter-output>
          </reporter-output>
        </test-method> <!-- beforeclass -->
        <test-method status="PASS" signature="titletest()[pri:1, instance:webuildsg.ReposPerPLTest@43738a82]" name="titletest" duration-ms="940" started-at="2020-10-06T14:50:27 SGT" description="Validate the title &amp; subtitle of Repositories per programming language page" finished-at="2020-10-06T14:50:28 SGT">
          <reporter-output>
          </reporter-output>
        </test-method> <!-- titletest -->
        <test-method status="PASS" signature="languagetest()[pri:2, instance:webuildsg.ReposPerPLTest@43738a82]" name="languagetest" duration-ms="781188" started-at="2020-10-06T14:50:28 SGT" description="Validate each of the languages is clickable on Repositories per programming language page" finished-at="2020-10-06T15:03:29 SGT">
          <reporter-output>
          </reporter-output>
        </test-method> <!-- languagetest -->
      </class> <!-- webuildsg.ReposPerPLTest -->
    </test> <!-- Default test -->
  </suite> <!-- Default suite -->
</testng-results>
